2023-03-29 23:10:48,027 INFO notifyConnectTimeout:200

2023-03-29 23:10:48,036 INFO notifySocketTimeout:8000

2023-03-29 23:10:48,036 INFO isHealthCheck:true

2023-03-29 23:10:48,037 INFO maxHealthCheckFailCount:12

2023-03-29 23:10:48,037 INFO maxContent:10485760

2023-03-29 23:10:48,037 INFO spring.datasource.platform:mysql

2023-03-29 23:11:59,239 INFO notifyConnectTimeout:200

2023-03-29 23:11:59,252 INFO notifySocketTimeout:8000

2023-03-29 23:11:59,253 INFO isHealthCheck:true

2023-03-29 23:11:59,253 INFO maxHealthCheckFailCount:12

2023-03-29 23:11:59,253 INFO maxContent:10485760

2023-03-29 23:11:59,254 INFO spring.datasource.platform:mysql

2023-03-29 23:13:05,856 INFO notifyConnectTimeout:200

2023-03-29 23:13:05,865 INFO notifySocketTimeout:8000

2023-03-29 23:13:05,866 INFO isHealthCheck:true

2023-03-29 23:13:05,866 INFO maxHealthCheckFailCount:12

2023-03-29 23:13:05,866 INFO maxContent:10485760

2023-03-29 23:13:05,867 INFO spring.datasource.platform:mysql

2023-03-29 23:16:16,136 INFO notifyConnectTimeout:200

2023-03-29 23:16:16,146 INFO notifySocketTimeout:8000

2023-03-29 23:16:16,147 INFO isHealthCheck:true

2023-03-29 23:16:16,147 INFO maxHealthCheckFailCount:12

2023-03-29 23:16:16,147 INFO maxContent:10485760

2023-03-29 23:16:16,150 INFO spring.datasource.platform:mysql

2023-03-29 23:16:28,510 WARN DumpService start

2023-03-29 23:16:28,515 INFO start clear all config-info.

2023-03-29 23:16:28,516 WARN clear all config-info failed.

2023-03-29 23:16:28,516 WARN clear all config-info-tenant failed.

2023-03-29 23:16:28,525 INFO start clear all config-info-beta.

2023-03-29 23:16:28,525 WARN clear all config-info-beta failed.

2023-03-29 23:16:28,525 WARN clear all config-info-beta-tenant failed.

2023-03-29 23:16:28,526 INFO start clear all config-info-tag.

2023-03-29 23:16:28,526 WARN clear all config-info-tag failed.

2023-03-29 23:16:28,527 WARN clear all config-info-tag-tenant failed.

2023-03-29 23:18:47,482 INFO notifyConnectTimeout:200

2023-03-29 23:18:47,490 INFO notifySocketTimeout:8000

2023-03-29 23:18:47,491 INFO isHealthCheck:true

2023-03-29 23:18:47,491 INFO maxHealthCheckFailCount:12

2023-03-29 23:18:47,491 INFO maxContent:10485760

2023-03-29 23:18:59,100 INFO use local db service for init

2023-03-29 23:19:00,502 WARN Lexical error at line 4, column 66.  Encountered: <EOF> after : "".

2023-03-29 23:19:00,512 WARN Syntax error: Encountered "*" at line 1, column 1.

2023-03-29 23:19:01,210 WARN Lexical error at line 4, column 13.  Encountered: "`" (96), after : "".

2023-03-29 23:19:01,212 WARN Lexical error at line 1, column 13.  Encountered: "`" (96), after : "".

2023-03-29 23:19:01,214 WARN Lexical error at line 1, column 13.  Encountered: "`" (96), after : "".

2023-03-29 23:19:01,214 WARN Lexical error at line 1, column 13.  Encountered: "`" (96), after : "".

2023-03-29 23:19:01,214 INFO use StandaloneDatabaseOperateImpl

2023-03-29 23:19:01,470 WARN DumpService start

2023-03-29 23:19:01,475 INFO start clear all config-info.

2023-03-29 23:19:01,476 WARN clear all config-info failed.

2023-03-29 23:19:01,476 WARN clear all config-info-tenant failed.

2023-03-29 23:19:01,560 INFO start clear all config-info-beta.

2023-03-29 23:19:01,561 WARN clear all config-info-beta failed.

2023-03-29 23:19:01,563 WARN clear all config-info-beta-tenant failed.

2023-03-29 23:19:01,597 INFO start clear all config-info-tag.

2023-03-29 23:19:01,597 WARN clear all config-info-tag failed.

2023-03-29 23:19:01,597 WARN clear all config-info-tag-tenant failed.

2023-03-29 23:21:00,989 INFO notifyConnectTimeout:200

2023-03-29 23:21:00,999 INFO notifySocketTimeout:8000

2023-03-29 23:21:01,000 INFO isHealthCheck:true

2023-03-29 23:21:01,000 INFO maxHealthCheckFailCount:12

2023-03-29 23:21:01,000 INFO maxContent:10485760

