2023-03-29 23:10:58,354 INFO initializing Raft sub-system

2023-03-29 23:10:58,354 INFO Upgrade from 1X feature has closed, If you want open this feature, please set `nacos.core.support.upgrade.from.1x=true` in application.properties

2023-03-29 23:10:59,860 INFO Raft group naming_persistent_service has leader null

2023-03-29 23:11:00,951 INFO Raft group naming_persistent_service has leader 10.10.167.21:7045

2023-03-29 23:11:01,012 INFO add listener: com.alibaba.nacos.naming.domains.meta.

2023-03-29 23:12:09,663 INFO initializing Raft sub-system

2023-03-29 23:12:09,663 INFO Upgrade from 1X feature has closed, If you want open this feature, please set `nacos.core.support.upgrade.from.1x=true` in application.properties

2023-03-29 23:13:16,282 INFO initializing Raft sub-system

2023-03-29 23:13:16,282 INFO Upgrade from 1X feature has closed, If you want open this feature, please set `nacos.core.support.upgrade.from.1x=true` in application.properties

2023-03-29 23:16:26,438 INFO initializing Raft sub-system

2023-03-29 23:16:26,438 INFO Upgrade from 1X feature has closed, If you want open this feature, please set `nacos.core.support.upgrade.from.1x=true` in application.properties

2023-03-29 23:16:26,676 INFO add listener: com.alibaba.nacos.naming.domains.meta.

2023-03-29 23:16:28,327 INFO add listener: com.alibaba.nacos.naming.domains.meta.00-00---000-NACOS_SWITCH_DOMAIN-000---00-00

2023-03-29 23:18:57,736 INFO initializing Raft sub-system

2023-03-29 23:18:57,736 INFO Upgrade from 1X feature has closed, If you want open this feature, please set `nacos.core.support.upgrade.from.1x=true` in application.properties

2023-03-29 23:18:57,963 INFO add listener: com.alibaba.nacos.naming.domains.meta.

2023-03-29 23:19:01,322 INFO add listener: com.alibaba.nacos.naming.domains.meta.00-00---000-NACOS_SWITCH_DOMAIN-000---00-00

2023-03-29 23:19:02,733 WARN start to close old raft protocol!!!

2023-03-29 23:19:02,733 WARN stop old raft protocol task for notifier

2023-03-29 23:19:02,733 WARN stop old raft protocol task for master task

2023-03-29 23:21:11,273 INFO initializing Raft sub-system

2023-03-29 23:21:11,273 INFO Upgrade from 1X feature has closed, If you want open this feature, please set `nacos.core.support.upgrade.from.1x=true` in application.properties

2023-03-29 23:21:12,791 INFO Raft group naming_persistent_service has leader null

2023-03-29 23:21:13,714 INFO Raft group naming_persistent_service has leader 10.10.167.21:7045

2023-03-29 23:21:13,784 INFO add listener: com.alibaba.nacos.naming.domains.meta.

