2023-03-29 23:16:29,494 INFO Connection check task start

2023-03-29 23:16:29,505 INFO Total count =0, sdkCount=0,clusterCount=0, currentLimit=-1, toExpelCount=0

2023-03-29 23:16:29,505 INFO Check over limit for ip limit rule, over limit ip count=0

2023-03-29 23:16:29,505 INFO Out dated connection ,size=0

2023-03-29 23:16:29,505 INFO Connection check task end

2023-03-29 23:16:32,506 INFO Connection check task start

2023-03-29 23:16:32,507 INFO Total count =0, sdkCount=0,clusterCount=0, currentLimit=-1, toExpelCount=0

2023-03-29 23:16:32,507 INFO Check over limit for ip limit rule, over limit ip count=0

2023-03-29 23:16:32,507 INFO Out dated connection ,size=0

2023-03-29 23:16:32,507 INFO Connection check task end

2023-03-29 23:16:35,513 INFO Connection check task start

2023-03-29 23:16:35,514 INFO Total count =0, sdkCount=0,clusterCount=0, currentLimit=-1, toExpelCount=0

2023-03-29 23:16:35,514 INFO Check over limit for ip limit rule, over limit ip count=0

2023-03-29 23:16:35,514 INFO Out dated connection ,size=0

2023-03-29 23:16:35,515 INFO Connection check task end

2023-03-29 23:16:38,517 INFO Connection check task start

2023-03-29 23:16:38,520 INFO Total count =0, sdkCount=0,clusterCount=0, currentLimit=-1, toExpelCount=0

2023-03-29 23:16:38,521 INFO Check over limit for ip limit rule, over limit ip count=0

2023-03-29 23:16:38,521 INFO Out dated connection ,size=0

2023-03-29 23:16:38,521 INFO Connection check task end

2023-03-29 23:16:41,526 INFO Connection check task start

2023-03-29 23:16:41,526 INFO Total count =0, sdkCount=0,clusterCount=0, currentLimit=-1, toExpelCount=0

2023-03-29 23:16:41,527 INFO Check over limit for ip limit rule, over limit ip count=0

2023-03-29 23:16:41,527 INFO Out dated connection ,size=0

2023-03-29 23:16:41,527 INFO Connection check task end

2023-03-29 23:16:44,529 INFO Connection check task start

2023-03-29 23:16:44,530 INFO Total count =0, sdkCount=0,clusterCount=0, currentLimit=-1, toExpelCount=0

2023-03-29 23:16:44,531 INFO Check over limit for ip limit rule, over limit ip count=0

2023-03-29 23:16:44,531 INFO Out dated connection ,size=0

2023-03-29 23:16:44,531 INFO Connection check task end

2023-03-29 23:16:47,536 INFO Connection check task start

2023-03-29 23:16:47,537 INFO Total count =0, sdkCount=0,clusterCount=0, currentLimit=-1, toExpelCount=0

2023-03-29 23:16:47,537 INFO Check over limit for ip limit rule, over limit ip count=0

2023-03-29 23:16:47,537 INFO Out dated connection ,size=0

2023-03-29 23:16:47,537 INFO Connection check task end

2023-03-29 23:16:50,543 INFO Connection check task start

2023-03-29 23:16:50,544 INFO Total count =0, sdkCount=0,clusterCount=0, currentLimit=-1, toExpelCount=0

2023-03-29 23:16:50,544 INFO Check over limit for ip limit rule, over limit ip count=0

2023-03-29 23:16:50,544 INFO Out dated connection ,size=0

2023-03-29 23:16:50,544 INFO Connection check task end

2023-03-29 23:16:53,548 INFO Connection check task start

2023-03-29 23:16:53,550 INFO Total count =0, sdkCount=0,clusterCount=0, currentLimit=-1, toExpelCount=0

2023-03-29 23:16:53,551 INFO Check over limit for ip limit rule, over limit ip count=0

2023-03-29 23:16:53,551 INFO Out dated connection ,size=0

2023-03-29 23:16:53,551 INFO Connection check task end

2023-03-29 23:16:56,556 INFO Connection check task start

2023-03-29 23:16:56,559 INFO Total count =0, sdkCount=0,clusterCount=0, currentLimit=-1, toExpelCount=0

2023-03-29 23:16:56,560 INFO Check over limit for ip limit rule, over limit ip count=0

2023-03-29 23:16:56,560 INFO Out dated connection ,size=0

2023-03-29 23:16:56,560 INFO Connection check task end

2023-03-29 23:16:59,566 INFO Connection check task start

2023-03-29 23:16:59,574 INFO Total count =0, sdkCount=0,clusterCount=0, currentLimit=-1, toExpelCount=0

2023-03-29 23:16:59,575 INFO Check over limit for ip limit rule, over limit ip count=0

2023-03-29 23:16:59,575 INFO Out dated connection ,size=0

2023-03-29 23:16:59,575 INFO Connection check task end

2023-03-29 23:17:02,581 INFO Connection check task start

2023-03-29 23:17:02,585 INFO Total count =0, sdkCount=0,clusterCount=0, currentLimit=-1, toExpelCount=0

2023-03-29 23:17:02,586 INFO Check over limit for ip limit rule, over limit ip count=0

2023-03-29 23:17:02,586 INFO Out dated connection ,size=0

2023-03-29 23:17:02,587 INFO Connection check task end

2023-03-29 23:17:05,592 INFO Connection check task start

2023-03-29 23:17:05,598 INFO Total count =0, sdkCount=0,clusterCount=0, currentLimit=-1, toExpelCount=0

2023-03-29 23:17:05,600 INFO Check over limit for ip limit rule, over limit ip count=0

2023-03-29 23:17:05,601 INFO Out dated connection ,size=0

2023-03-29 23:17:05,601 INFO Connection check task end

2023-03-29 23:17:08,603 INFO Connection check task start

2023-03-29 23:17:08,605 INFO Total count =0, sdkCount=0,clusterCount=0, currentLimit=-1, toExpelCount=0

2023-03-29 23:17:08,605 INFO Check over limit for ip limit rule, over limit ip count=0

2023-03-29 23:17:08,605 INFO Out dated connection ,size=0

2023-03-29 23:17:08,605 INFO Connection check task end

2023-03-29 23:17:11,607 INFO Connection check task start

2023-03-29 23:17:11,613 INFO Total count =0, sdkCount=0,clusterCount=0, currentLimit=-1, toExpelCount=0

2023-03-29 23:17:11,614 INFO Check over limit for ip limit rule, over limit ip count=0

2023-03-29 23:17:11,614 INFO Out dated connection ,size=0

2023-03-29 23:17:11,615 INFO Connection check task end

2023-03-29 23:17:14,619 INFO Connection check task start

2023-03-29 23:17:14,621 INFO Total count =0, sdkCount=0,clusterCount=0, currentLimit=-1, toExpelCount=0

2023-03-29 23:17:14,622 INFO Check over limit for ip limit rule, over limit ip count=0

2023-03-29 23:17:14,622 INFO Out dated connection ,size=0

2023-03-29 23:17:14,622 INFO Connection check task end

2023-03-29 23:17:17,623 INFO Connection check task start

2023-03-29 23:17:17,625 INFO Total count =0, sdkCount=0,clusterCount=0, currentLimit=-1, toExpelCount=0

2023-03-29 23:17:17,626 INFO Check over limit for ip limit rule, over limit ip count=0

2023-03-29 23:17:17,626 INFO Out dated connection ,size=0

2023-03-29 23:17:17,627 INFO Connection check task end

2023-03-29 23:17:20,630 INFO Connection check task start

2023-03-29 23:17:20,654 INFO Total count =0, sdkCount=0,clusterCount=0, currentLimit=-1, toExpelCount=0

2023-03-29 23:17:20,655 INFO Check over limit for ip limit rule, over limit ip count=0

2023-03-29 23:17:20,656 INFO Out dated connection ,size=0

2023-03-29 23:17:20,656 INFO Connection check task end

2023-03-29 23:17:23,661 INFO Connection check task start

2023-03-29 23:17:23,671 INFO Total count =0, sdkCount=0,clusterCount=0, currentLimit=-1, toExpelCount=0

2023-03-29 23:17:23,672 INFO Check over limit for ip limit rule, over limit ip count=0

2023-03-29 23:17:23,672 INFO Out dated connection ,size=0

2023-03-29 23:17:23,672 INFO Connection check task end

2023-03-29 23:17:26,673 INFO Connection check task start

2023-03-29 23:17:26,674 INFO Total count =0, sdkCount=0,clusterCount=0, currentLimit=-1, toExpelCount=0

2023-03-29 23:17:26,675 INFO Check over limit for ip limit rule, over limit ip count=0

2023-03-29 23:17:26,675 INFO Out dated connection ,size=0

2023-03-29 23:17:26,675 INFO Connection check task end

2023-03-29 23:17:29,680 INFO Connection check task start

2023-03-29 23:17:29,685 INFO Total count =0, sdkCount=0,clusterCount=0, currentLimit=-1, toExpelCount=0

2023-03-29 23:17:29,687 INFO Check over limit for ip limit rule, over limit ip count=0

2023-03-29 23:17:29,688 INFO Out dated connection ,size=0

2023-03-29 23:17:29,690 INFO Connection check task end

2023-03-29 23:17:32,692 INFO Connection check task start

2023-03-29 23:17:32,699 INFO Total count =0, sdkCount=0,clusterCount=0, currentLimit=-1, toExpelCount=0

2023-03-29 23:17:32,699 INFO Check over limit for ip limit rule, over limit ip count=0

2023-03-29 23:17:32,699 INFO Out dated connection ,size=0

2023-03-29 23:17:32,699 INFO Connection check task end

2023-03-29 23:17:35,705 INFO Connection check task start

2023-03-29 23:17:35,707 INFO Total count =0, sdkCount=0,clusterCount=0, currentLimit=-1, toExpelCount=0

2023-03-29 23:17:35,707 INFO Check over limit for ip limit rule, over limit ip count=0

2023-03-29 23:17:35,707 INFO Out dated connection ,size=0

2023-03-29 23:17:35,707 INFO Connection check task end

2023-03-29 23:17:38,710 INFO Connection check task start

2023-03-29 23:17:38,712 INFO Total count =0, sdkCount=0,clusterCount=0, currentLimit=-1, toExpelCount=0

2023-03-29 23:17:38,712 INFO Check over limit for ip limit rule, over limit ip count=0

2023-03-29 23:17:38,713 INFO Out dated connection ,size=0

2023-03-29 23:17:38,713 INFO Connection check task end

2023-03-29 23:17:41,714 INFO Connection check task start

2023-03-29 23:17:41,716 INFO Total count =0, sdkCount=0,clusterCount=0, currentLimit=-1, toExpelCount=0

2023-03-29 23:17:41,716 INFO Check over limit for ip limit rule, over limit ip count=0

2023-03-29 23:17:41,716 INFO Out dated connection ,size=0

2023-03-29 23:17:41,716 INFO Connection check task end

2023-03-29 23:17:44,720 INFO Connection check task start

2023-03-29 23:17:44,722 INFO Total count =0, sdkCount=0,clusterCount=0, currentLimit=-1, toExpelCount=0

2023-03-29 23:17:44,722 INFO Check over limit for ip limit rule, over limit ip count=0

2023-03-29 23:17:44,722 INFO Out dated connection ,size=0

2023-03-29 23:17:44,722 INFO Connection check task end

2023-03-29 23:17:47,724 INFO Connection check task start

2023-03-29 23:17:47,724 INFO Total count =0, sdkCount=0,clusterCount=0, currentLimit=-1, toExpelCount=0

2023-03-29 23:17:47,725 INFO Check over limit for ip limit rule, over limit ip count=0

2023-03-29 23:17:47,725 INFO Out dated connection ,size=0

2023-03-29 23:17:47,725 INFO Connection check task end

2023-03-29 23:17:50,730 INFO Connection check task start

2023-03-29 23:17:50,730 INFO Total count =0, sdkCount=0,clusterCount=0, currentLimit=-1, toExpelCount=0

2023-03-29 23:17:50,732 INFO Check over limit for ip limit rule, over limit ip count=0

2023-03-29 23:17:50,732 INFO Out dated connection ,size=0

2023-03-29 23:17:50,732 INFO Connection check task end

2023-03-29 23:19:03,244 INFO Connection check task start

2023-03-29 23:19:03,260 INFO Total count =0, sdkCount=0,clusterCount=0, currentLimit=-1, toExpelCount=0

2023-03-29 23:19:03,261 INFO Check over limit for ip limit rule, over limit ip count=0

2023-03-29 23:19:03,261 INFO Out dated connection ,size=0

2023-03-29 23:19:03,261 INFO Connection check task end

2023-03-29 23:19:06,267 INFO Connection check task start

2023-03-29 23:19:06,269 INFO Total count =0, sdkCount=0,clusterCount=0, currentLimit=-1, toExpelCount=0

2023-03-29 23:19:06,270 INFO Check over limit for ip limit rule, over limit ip count=0

2023-03-29 23:19:06,270 INFO Out dated connection ,size=0

2023-03-29 23:19:06,270 INFO Connection check task end

2023-03-29 23:19:09,273 INFO Connection check task start

2023-03-29 23:19:09,274 INFO Total count =0, sdkCount=0,clusterCount=0, currentLimit=-1, toExpelCount=0

2023-03-29 23:19:09,274 INFO Check over limit for ip limit rule, over limit ip count=0

2023-03-29 23:19:09,274 INFO Out dated connection ,size=0

2023-03-29 23:19:09,274 INFO Connection check task end

2023-03-29 23:19:12,278 INFO Connection check task start

2023-03-29 23:19:12,280 INFO Total count =0, sdkCount=0,clusterCount=0, currentLimit=-1, toExpelCount=0

2023-03-29 23:19:12,280 INFO Check over limit for ip limit rule, over limit ip count=0

2023-03-29 23:19:12,280 INFO Out dated connection ,size=0

2023-03-29 23:19:12,280 INFO Connection check task end

2023-03-29 23:19:15,283 INFO Connection check task start

2023-03-29 23:19:15,285 INFO Total count =0, sdkCount=0,clusterCount=0, currentLimit=-1, toExpelCount=0

2023-03-29 23:19:15,286 INFO Check over limit for ip limit rule, over limit ip count=0

2023-03-29 23:19:15,286 INFO Out dated connection ,size=0

2023-03-29 23:19:15,286 INFO Connection check task end

2023-03-29 23:19:18,291 INFO Connection check task start

2023-03-29 23:19:18,295 INFO Total count =0, sdkCount=0,clusterCount=0, currentLimit=-1, toExpelCount=0

2023-03-29 23:19:18,296 INFO Check over limit for ip limit rule, over limit ip count=0

2023-03-29 23:19:18,296 INFO Out dated connection ,size=0

2023-03-29 23:19:18,296 INFO Connection check task end

2023-03-29 23:19:21,302 INFO Connection check task start

2023-03-29 23:19:21,302 INFO Total count =0, sdkCount=0,clusterCount=0, currentLimit=-1, toExpelCount=0

2023-03-29 23:19:21,304 INFO Check over limit for ip limit rule, over limit ip count=0

2023-03-29 23:19:21,304 INFO Out dated connection ,size=0

2023-03-29 23:19:21,304 INFO Connection check task end

2023-03-29 23:19:24,309 INFO Connection check task start

2023-03-29 23:19:24,314 INFO Total count =0, sdkCount=0,clusterCount=0, currentLimit=-1, toExpelCount=0

2023-03-29 23:19:24,319 INFO Check over limit for ip limit rule, over limit ip count=0

2023-03-29 23:19:24,324 INFO Out dated connection ,size=0

2023-03-29 23:19:24,325 INFO Connection check task end

2023-03-29 23:19:27,329 INFO Connection check task start

2023-03-29 23:19:27,332 INFO Total count =0, sdkCount=0,clusterCount=0, currentLimit=-1, toExpelCount=0

2023-03-29 23:19:27,332 INFO Check over limit for ip limit rule, over limit ip count=0

2023-03-29 23:19:27,332 INFO Out dated connection ,size=0

2023-03-29 23:19:27,332 INFO Connection check task end

2023-03-29 23:19:30,337 INFO Connection check task start

2023-03-29 23:19:30,339 INFO Total count =0, sdkCount=0,clusterCount=0, currentLimit=-1, toExpelCount=0

2023-03-29 23:19:30,339 INFO Check over limit for ip limit rule, over limit ip count=0

2023-03-29 23:19:30,339 INFO Out dated connection ,size=0

2023-03-29 23:19:30,339 INFO Connection check task end

2023-03-29 23:19:33,344 INFO Connection check task start

2023-03-29 23:19:33,347 INFO Total count =0, sdkCount=0,clusterCount=0, currentLimit=-1, toExpelCount=0

2023-03-29 23:19:33,349 INFO Check over limit for ip limit rule, over limit ip count=0

2023-03-29 23:19:33,349 INFO Out dated connection ,size=0

2023-03-29 23:19:33,350 INFO Connection check task end

2023-03-29 23:19:36,352 INFO Connection check task start

2023-03-29 23:19:36,354 INFO Total count =0, sdkCount=0,clusterCount=0, currentLimit=-1, toExpelCount=0

2023-03-29 23:19:36,354 INFO Check over limit for ip limit rule, over limit ip count=0

2023-03-29 23:19:36,355 INFO Out dated connection ,size=0

2023-03-29 23:19:36,355 INFO Connection check task end

2023-03-29 23:19:39,357 INFO Connection check task start

2023-03-29 23:19:39,359 INFO Total count =0, sdkCount=0,clusterCount=0, currentLimit=-1, toExpelCount=0

2023-03-29 23:19:39,359 INFO Check over limit for ip limit rule, over limit ip count=0

2023-03-29 23:19:39,360 INFO Out dated connection ,size=0

2023-03-29 23:19:39,360 INFO Connection check task end

2023-03-29 23:19:42,361 INFO Connection check task start

2023-03-29 23:19:42,364 INFO Total count =0, sdkCount=0,clusterCount=0, currentLimit=-1, toExpelCount=0

2023-03-29 23:19:42,364 INFO Check over limit for ip limit rule, over limit ip count=0

2023-03-29 23:19:42,364 INFO Out dated connection ,size=0

2023-03-29 23:19:42,364 INFO Connection check task end

2023-03-29 23:19:45,370 INFO Connection check task start

2023-03-29 23:19:45,377 INFO Total count =0, sdkCount=0,clusterCount=0, currentLimit=-1, toExpelCount=0

2023-03-29 23:19:45,378 INFO Check over limit for ip limit rule, over limit ip count=0

2023-03-29 23:19:45,379 INFO Out dated connection ,size=0

2023-03-29 23:19:45,379 INFO Connection check task end

2023-03-29 23:19:48,380 INFO Connection check task start

2023-03-29 23:19:48,382 INFO Total count =0, sdkCount=0,clusterCount=0, currentLimit=-1, toExpelCount=0

2023-03-29 23:19:48,382 INFO Check over limit for ip limit rule, over limit ip count=0

2023-03-29 23:19:48,383 INFO Out dated connection ,size=0

2023-03-29 23:19:48,383 INFO Connection check task end

2023-03-29 23:19:51,390 INFO Connection check task start

2023-03-29 23:19:51,392 INFO Total count =0, sdkCount=0,clusterCount=0, currentLimit=-1, toExpelCount=0

2023-03-29 23:19:51,393 INFO Check over limit for ip limit rule, over limit ip count=0

2023-03-29 23:19:51,393 INFO Out dated connection ,size=0

2023-03-29 23:19:51,393 INFO Connection check task end

2023-03-29 23:19:54,396 INFO Connection check task start

2023-03-29 23:19:54,397 INFO Total count =0, sdkCount=0,clusterCount=0, currentLimit=-1, toExpelCount=0

2023-03-29 23:19:54,397 INFO Check over limit for ip limit rule, over limit ip count=0

2023-03-29 23:19:54,398 INFO Out dated connection ,size=0

2023-03-29 23:19:54,398 INFO Connection check task end

2023-03-29 23:19:57,401 INFO Connection check task start

2023-03-29 23:19:57,404 INFO Total count =0, sdkCount=0,clusterCount=0, currentLimit=-1, toExpelCount=0

2023-03-29 23:19:57,404 INFO Check over limit for ip limit rule, over limit ip count=0

2023-03-29 23:19:57,404 INFO Out dated connection ,size=0

2023-03-29 23:19:57,404 INFO Connection check task end

2023-03-29 23:20:00,409 INFO Connection check task start

2023-03-29 23:20:00,410 INFO Total count =0, sdkCount=0,clusterCount=0, currentLimit=-1, toExpelCount=0

2023-03-29 23:20:00,410 INFO Check over limit for ip limit rule, over limit ip count=0

2023-03-29 23:20:00,410 INFO Out dated connection ,size=0

2023-03-29 23:20:00,410 INFO Connection check task end

2023-03-29 23:20:03,411 INFO Connection check task start

2023-03-29 23:20:03,412 INFO Total count =0, sdkCount=0,clusterCount=0, currentLimit=-1, toExpelCount=0

2023-03-29 23:20:03,412 INFO Check over limit for ip limit rule, over limit ip count=0

2023-03-29 23:20:03,412 INFO Out dated connection ,size=0

2023-03-29 23:20:03,412 INFO Connection check task end

2023-03-29 23:20:06,413 INFO Connection check task start

2023-03-29 23:20:06,415 INFO Total count =0, sdkCount=0,clusterCount=0, currentLimit=-1, toExpelCount=0

2023-03-29 23:20:06,416 INFO Check over limit for ip limit rule, over limit ip count=0

2023-03-29 23:20:06,416 INFO Out dated connection ,size=0

2023-03-29 23:20:06,416 INFO Connection check task end

2023-03-29 23:20:09,418 INFO Connection check task start

2023-03-29 23:20:09,426 INFO Total count =0, sdkCount=0,clusterCount=0, currentLimit=-1, toExpelCount=0

2023-03-29 23:20:09,427 INFO Check over limit for ip limit rule, over limit ip count=0

2023-03-29 23:20:09,427 INFO Out dated connection ,size=0

2023-03-29 23:20:09,428 INFO Connection check task end

2023-03-29 23:20:12,431 INFO Connection check task start

2023-03-29 23:20:12,432 INFO Total count =0, sdkCount=0,clusterCount=0, currentLimit=-1, toExpelCount=0

2023-03-29 23:20:12,432 INFO Check over limit for ip limit rule, over limit ip count=0

2023-03-29 23:20:12,432 INFO Out dated connection ,size=0

2023-03-29 23:20:12,433 INFO Connection check task end

2023-03-29 23:20:15,435 INFO Connection check task start

2023-03-29 23:20:15,436 INFO Total count =0, sdkCount=0,clusterCount=0, currentLimit=-1, toExpelCount=0

2023-03-29 23:20:15,438 INFO Check over limit for ip limit rule, over limit ip count=0

2023-03-29 23:20:15,438 INFO Out dated connection ,size=0

2023-03-29 23:20:15,439 INFO Connection check task end

2023-03-29 23:20:18,444 INFO Connection check task start

2023-03-29 23:20:18,453 INFO Total count =0, sdkCount=0,clusterCount=0, currentLimit=-1, toExpelCount=0

2023-03-29 23:20:18,454 INFO Check over limit for ip limit rule, over limit ip count=0

2023-03-29 23:20:18,455 INFO Out dated connection ,size=0

2023-03-29 23:20:18,455 INFO Connection check task end

2023-03-29 23:20:21,457 INFO Connection check task start

2023-03-29 23:20:21,458 INFO Total count =0, sdkCount=0,clusterCount=0, currentLimit=-1, toExpelCount=0

2023-03-29 23:20:21,458 INFO Check over limit for ip limit rule, over limit ip count=0

2023-03-29 23:20:21,458 INFO Out dated connection ,size=0

2023-03-29 23:20:21,458 INFO Connection check task end

2023-03-29 23:20:24,461 INFO Connection check task start

2023-03-29 23:20:24,462 INFO Total count =0, sdkCount=0,clusterCount=0, currentLimit=-1, toExpelCount=0

2023-03-29 23:20:24,462 INFO Check over limit for ip limit rule, over limit ip count=0

2023-03-29 23:20:24,462 INFO Out dated connection ,size=0

2023-03-29 23:20:24,462 INFO Connection check task end

2023-03-29 23:20:27,466 INFO Connection check task start

2023-03-29 23:20:27,467 INFO Total count =0, sdkCount=0,clusterCount=0, currentLimit=-1, toExpelCount=0

2023-03-29 23:20:27,468 INFO Check over limit for ip limit rule, over limit ip count=0

2023-03-29 23:20:27,468 INFO Out dated connection ,size=0

2023-03-29 23:20:27,468 INFO Connection check task end

2023-03-29 23:20:30,474 INFO Connection check task start

2023-03-29 23:20:30,477 INFO Total count =0, sdkCount=0,clusterCount=0, currentLimit=-1, toExpelCount=0

2023-03-29 23:20:30,479 INFO Check over limit for ip limit rule, over limit ip count=0

2023-03-29 23:20:30,479 INFO Out dated connection ,size=0

2023-03-29 23:20:30,479 INFO Connection check task end

2023-03-29 23:20:33,481 INFO Connection check task start

2023-03-29 23:20:33,484 INFO Total count =0, sdkCount=0,clusterCount=0, currentLimit=-1, toExpelCount=0

2023-03-29 23:20:33,486 INFO Check over limit for ip limit rule, over limit ip count=0

2023-03-29 23:20:33,487 INFO Out dated connection ,size=0

2023-03-29 23:20:33,487 INFO Connection check task end

2023-03-29 23:20:36,493 INFO Connection check task start

2023-03-29 23:20:36,500 INFO Total count =0, sdkCount=0,clusterCount=0, currentLimit=-1, toExpelCount=0

2023-03-29 23:20:36,501 INFO Check over limit for ip limit rule, over limit ip count=0

2023-03-29 23:20:36,501 INFO Out dated connection ,size=0

2023-03-29 23:20:36,501 INFO Connection check task end

2023-03-29 23:20:39,505 INFO Connection check task start

2023-03-29 23:20:39,507 INFO Total count =0, sdkCount=0,clusterCount=0, currentLimit=-1, toExpelCount=0

2023-03-29 23:20:39,507 INFO Check over limit for ip limit rule, over limit ip count=0

2023-03-29 23:20:39,507 INFO Out dated connection ,size=0

2023-03-29 23:20:39,507 INFO Connection check task end

2023-03-29 23:20:42,509 INFO Connection check task start

2023-03-29 23:20:42,517 INFO Total count =0, sdkCount=0,clusterCount=0, currentLimit=-1, toExpelCount=0

2023-03-29 23:20:42,519 INFO Check over limit for ip limit rule, over limit ip count=0

2023-03-29 23:20:42,519 INFO Out dated connection ,size=0

2023-03-29 23:20:42,520 INFO Connection check task end

