2023-03-29 23:16:28,375 INFO [ClientConnectionEventListenerRegistry] registry listener - ConnectionBasedClientManager

2023-03-29 23:16:28,484 INFO Init loader limit rule from local,rule=

2023-03-29 23:16:29,011 INFO [ClientConnectionEventListenerRegistry] registry listener - ConfigConnectionEventListener

2023-03-29 23:16:29,147 INFO [ClientConnectionEventListenerRegistry] registry listener - RpcAckCallbackInitorOrCleaner

2023-03-29 23:16:29,427 INFO Nacos GrpcSdkServer Rpc server starting at port 9045

2023-03-29 23:16:30,251 INFO Nacos GrpcSdkServer Rpc server started at port 9045

2023-03-29 23:16:30,265 INFO Nacos GrpcClusterServer Rpc server starting at port 9046

2023-03-29 23:16:30,266 INFO Nacos GrpcClusterServer Rpc server started at port 9046

2023-03-29 23:17:52,394 INFO Nacos GrpcSdkServer Rpc server stopping

2023-03-29 23:17:52,398 INFO Nacos GrpcSdkServer Rpc server stopped successfully...

2023-03-29 23:17:52,395 INFO Nacos GrpcClusterServer Rpc server stopping

2023-03-29 23:17:52,400 INFO Nacos GrpcClusterServer Rpc server stopped successfully...

2023-03-29 23:19:01,381 INFO [ClientConnectionEventListenerRegistry] registry listener - ConnectionBasedClientManager

2023-03-29 23:19:02,233 INFO Init loader limit rule from local,rule=

2023-03-29 23:19:02,396 INFO [ClientConnectionEventListenerRegistry] registry listener - ConfigConnectionEventListener

2023-03-29 23:19:02,459 INFO [ClientConnectionEventListenerRegistry] registry listener - RpcAckCallbackInitorOrCleaner

2023-03-29 23:19:02,717 INFO Nacos GrpcSdkServer Rpc server starting at port 9045

2023-03-29 23:19:03,538 INFO Nacos GrpcSdkServer Rpc server started at port 9045

2023-03-29 23:19:03,561 INFO Nacos GrpcClusterServer Rpc server starting at port 9046

2023-03-29 23:19:03,563 INFO Nacos GrpcClusterServer Rpc server started at port 9046

2023-03-29 23:20:40,704 INFO Nacos GrpcSdkServer Rpc server stopping

2023-03-29 23:20:40,705 INFO Nacos GrpcClusterServer Rpc server stopping

2023-03-29 23:20:40,733 INFO Nacos GrpcClusterServer Rpc server stopped successfully...

2023-03-29 23:20:40,743 INFO Nacos GrpcSdkServer Rpc server stopped successfully...

