2023-03-29 23:16:28,497 INFO Register tps control,pointName=CONFIG_PUSH_COUNT, point=com.alibaba.nacos.core.remote.control.TpsMonitorPoint@304a3655 

2023-03-29 23:16:28,497 INFO Load rule from local,pointName=CONFIG_PUSH_COUNT, ruleContent= 

2023-03-29 23:16:28,497 INFO Apply tps control rule parse start,pointName=[CONFIG_PUSH_COUNT]  

2023-03-29 23:16:28,497 INFO Clear point  control rule ,pointName=[CONFIG_PUSH_COUNT]  

2023-03-29 23:16:28,497 INFO Clear point  control rule for monitorKeys, pointName=[CONFIG_PUSH_COUNT]  

2023-03-29 23:16:28,497 INFO Register tps control,pointName=CONFIG_PUSH_SUCCESS, point=com.alibaba.nacos.core.remote.control.TpsMonitorPoint@368d5c00 

2023-03-29 23:16:28,498 INFO Load rule from local,pointName=CONFIG_PUSH_SUCCESS, ruleContent= 

2023-03-29 23:16:28,498 INFO Apply tps control rule parse start,pointName=[CONFIG_PUSH_SUCCESS]  

2023-03-29 23:16:28,498 INFO Clear point  control rule ,pointName=[CONFIG_PUSH_SUCCESS]  

2023-03-29 23:16:28,498 INFO Clear point  control rule for monitorKeys, pointName=[CONFIG_PUSH_SUCCESS]  

2023-03-29 23:16:28,498 INFO Register tps control,pointName=CONFIG_PUSH_FAIL, point=com.alibaba.nacos.core.remote.control.TpsMonitorPoint@12a160c2 

2023-03-29 23:16:28,498 INFO Load rule from local,pointName=CONFIG_PUSH_FAIL, ruleContent= 

2023-03-29 23:16:28,498 INFO Apply tps control rule parse start,pointName=[CONFIG_PUSH_FAIL]  

2023-03-29 23:16:28,498 INFO Clear point  control rule ,pointName=[CONFIG_PUSH_FAIL]  

2023-03-29 23:16:28,498 INFO Clear point  control rule for monitorKeys, pointName=[CONFIG_PUSH_FAIL]  

2023-03-29 23:19:02,391 INFO Register tps control,pointName=CONFIG_PUSH_COUNT, point=com.alibaba.nacos.core.remote.control.TpsMonitorPoint@682bd3c4 

2023-03-29 23:19:02,392 INFO Load rule from local,pointName=CONFIG_PUSH_COUNT, ruleContent= 

2023-03-29 23:19:02,392 INFO Apply tps control rule parse start,pointName=[CONFIG_PUSH_COUNT]  

2023-03-29 23:19:02,392 INFO Clear point  control rule ,pointName=[CONFIG_PUSH_COUNT]  

2023-03-29 23:19:02,392 INFO Clear point  control rule for monitorKeys, pointName=[CONFIG_PUSH_COUNT]  

2023-03-29 23:19:02,392 INFO Register tps control,pointName=CONFIG_PUSH_SUCCESS, point=com.alibaba.nacos.core.remote.control.TpsMonitorPoint@f2e4acf 

2023-03-29 23:19:02,392 INFO Load rule from local,pointName=CONFIG_PUSH_SUCCESS, ruleContent= 

2023-03-29 23:19:02,392 INFO Apply tps control rule parse start,pointName=[CONFIG_PUSH_SUCCESS]  

2023-03-29 23:19:02,392 INFO Clear point  control rule ,pointName=[CONFIG_PUSH_SUCCESS]  

2023-03-29 23:19:02,392 INFO Clear point  control rule for monitorKeys, pointName=[CONFIG_PUSH_SUCCESS]  

2023-03-29 23:19:02,392 INFO Register tps control,pointName=CONFIG_PUSH_FAIL, point=com.alibaba.nacos.core.remote.control.TpsMonitorPoint@24097e9b 

2023-03-29 23:19:02,392 INFO Load rule from local,pointName=CONFIG_PUSH_FAIL, ruleContent= 

2023-03-29 23:19:02,392 INFO Apply tps control rule parse start,pointName=[CONFIG_PUSH_FAIL]  

2023-03-29 23:19:02,392 INFO Clear point  control rule ,pointName=[CONFIG_PUSH_FAIL]  

2023-03-29 23:19:02,392 INFO Clear point  control rule for monitorKeys, pointName=[CONFIG_PUSH_FAIL]  

2023-03-29 23:19:08,600 INFO Register tps control,pointName=ConfigQuery, point=com.alibaba.nacos.core.remote.control.TpsMonitorPoint@5c73f672 

2023-03-29 23:19:08,602 INFO Load rule from local,pointName=ConfigQuery, ruleContent= 

2023-03-29 23:19:08,603 INFO Apply tps control rule parse start,pointName=[ConfigQuery]  

2023-03-29 23:19:08,603 INFO Clear point  control rule ,pointName=[ConfigQuery]  

2023-03-29 23:19:08,603 INFO Clear point  control rule for monitorKeys, pointName=[ConfigQuery]  

2023-03-29 23:19:08,603 INFO Register tps control,pointName=ClusterConfigChangeNotify, point=com.alibaba.nacos.core.remote.control.TpsMonitorPoint@8ee0c23 

2023-03-29 23:19:08,604 INFO Load rule from local,pointName=ClusterConfigChangeNotify, ruleContent= 

2023-03-29 23:19:08,604 INFO Apply tps control rule parse start,pointName=[ClusterConfigChangeNotify]  

2023-03-29 23:19:08,604 INFO Clear point  control rule ,pointName=[ClusterConfigChangeNotify]  

2023-03-29 23:19:08,604 INFO Clear point  control rule for monitorKeys, pointName=[ClusterConfigChangeNotify]  

2023-03-29 23:19:08,604 INFO Register tps control,pointName=ConfigListen, point=com.alibaba.nacos.core.remote.control.TpsMonitorPoint@2ab5afc7 

2023-03-29 23:19:08,604 INFO Load rule from local,pointName=ConfigListen, ruleContent= 

2023-03-29 23:19:08,604 INFO Apply tps control rule parse start,pointName=[ConfigListen]  

2023-03-29 23:19:08,604 INFO Clear point  control rule ,pointName=[ConfigListen]  

2023-03-29 23:19:08,604 INFO Clear point  control rule for monitorKeys, pointName=[ConfigListen]  

2023-03-29 23:19:08,604 INFO Register tps control,pointName=ConfigRemove, point=com.alibaba.nacos.core.remote.control.TpsMonitorPoint@4dc8c0ea 

2023-03-29 23:19:08,604 INFO Load rule from local,pointName=ConfigRemove, ruleContent= 

2023-03-29 23:19:08,604 INFO Apply tps control rule parse start,pointName=[ConfigRemove]  

2023-03-29 23:19:08,604 INFO Clear point  control rule ,pointName=[ConfigRemove]  

2023-03-29 23:19:08,604 INFO Clear point  control rule for monitorKeys, pointName=[ConfigRemove]  

2023-03-29 23:19:08,604 INFO Register tps control,pointName=ConfigPublish, point=com.alibaba.nacos.core.remote.control.TpsMonitorPoint@e4b6f47 

2023-03-29 23:19:08,604 INFO Load rule from local,pointName=ConfigPublish, ruleContent= 

2023-03-29 23:19:08,604 INFO Apply tps control rule parse start,pointName=[ConfigPublish]  

2023-03-29 23:19:08,604 INFO Clear point  control rule ,pointName=[ConfigPublish]  

2023-03-29 23:19:08,604 INFO Clear point  control rule for monitorKeys, pointName=[ConfigPublish]  

2023-03-29 23:19:08,604 INFO Register tps control,pointName=HealthCheck, point=com.alibaba.nacos.core.remote.control.TpsMonitorPoint@763cf5b9 

2023-03-29 23:19:08,605 INFO Load rule from local,pointName=HealthCheck, ruleContent= 

2023-03-29 23:19:08,605 INFO Apply tps control rule parse start,pointName=[HealthCheck]  

2023-03-29 23:19:08,605 INFO Clear point  control rule ,pointName=[HealthCheck]  

2023-03-29 23:19:08,605 INFO Clear point  control rule for monitorKeys, pointName=[HealthCheck]  

2023-03-29 23:19:12,418 INFO Load rule from local,pointName=ConfigRemove, ruleContent= 

2023-03-29 23:19:12,418 INFO Apply tps control rule parse start,pointName=[ConfigRemove]  

2023-03-29 23:19:12,418 INFO Clear point  control rule ,pointName=[ConfigRemove]  

2023-03-29 23:19:12,418 INFO Clear point  control rule for monitorKeys, pointName=[ConfigRemove]  

2023-03-29 23:19:12,418 INFO Load rule from local,pointName=ClusterConfigChangeNotify, ruleContent= 

2023-03-29 23:19:12,418 INFO Apply tps control rule parse start,pointName=[ClusterConfigChangeNotify]  

2023-03-29 23:19:12,418 INFO Clear point  control rule ,pointName=[ClusterConfigChangeNotify]  

2023-03-29 23:19:12,418 INFO Clear point  control rule for monitorKeys, pointName=[ClusterConfigChangeNotify]  

2023-03-29 23:19:12,418 INFO Load rule from local,pointName=HealthCheck, ruleContent= 

2023-03-29 23:19:12,419 INFO Apply tps control rule parse start,pointName=[HealthCheck]  

2023-03-29 23:19:12,419 INFO Clear point  control rule ,pointName=[HealthCheck]  

2023-03-29 23:19:12,419 INFO Clear point  control rule for monitorKeys, pointName=[HealthCheck]  

2023-03-29 23:19:12,419 INFO Load rule from local,pointName=ConfigPublish, ruleContent= 

2023-03-29 23:19:12,419 INFO Apply tps control rule parse start,pointName=[ConfigPublish]  

2023-03-29 23:19:12,419 INFO Clear point  control rule ,pointName=[ConfigPublish]  

2023-03-29 23:19:12,419 INFO Clear point  control rule for monitorKeys, pointName=[ConfigPublish]  

2023-03-29 23:19:12,419 INFO Load rule from local,pointName=ConfigQuery, ruleContent= 

2023-03-29 23:19:12,419 INFO Apply tps control rule parse start,pointName=[ConfigQuery]  

2023-03-29 23:19:12,419 INFO Clear point  control rule ,pointName=[ConfigQuery]  

2023-03-29 23:19:12,419 INFO Clear point  control rule for monitorKeys, pointName=[ConfigQuery]  

2023-03-29 23:19:12,419 INFO Load rule from local,pointName=ConfigListen, ruleContent= 

2023-03-29 23:19:12,419 INFO Apply tps control rule parse start,pointName=[ConfigListen]  

2023-03-29 23:19:12,419 INFO Clear point  control rule ,pointName=[ConfigListen]  

2023-03-29 23:19:12,419 INFO Clear point  control rule for monitorKeys, pointName=[ConfigListen]  

